<?xml version="1.0" encoding="UTF-8"?>
<testsuite xmlns:xsi="http://www.w3.org/2001/XMLSchema-instance" xsi:noNamespaceSchemaLocation="https://maven.apache.org/surefire/maven-surefire-plugin/xsd/surefire-test-report-3.0.xsd" version="3.0" name="TestSuite" time="29.622" tests="2" errors="0" skipped="0" failures="1">
  <properties>
    <property name="sun.desktop" value="windows"/>
    <property name="awt.toolkit" value="sun.awt.windows.WToolkit"/>
    <property name="file.encoding.pkg" value="sun.io"/>
    <property name="java.specification.version" value="1.8"/>
    <property name="webdriver.chrome.driver" value="D:\selenium_jar\chromedriver.exe"/>
    <property name="sun.cpu.isalist" value="amd64"/>
    <property name="sun.jnu.encoding" value="GBK"/>
    <property name="java.class.path" value="C:\Users\cm\IdeaProjects\Maven_Test01\target\test-classes;C:\Users\cm\IdeaProjects\Maven_Test01\target\classes;C:\Users\cm\.m2\repository\org\seleniumhq\selenium\selenium-java\3.9.0\selenium-java-3.9.0.jar;C:\Users\cm\.m2\repository\org\seleniumhq\selenium\selenium-api\3.9.0\selenium-api-3.9.0.jar;C:\Users\cm\.m2\repository\org\seleniumhq\selenium\selenium-chrome-driver\3.9.0\selenium-chrome-driver-3.9.0.jar;C:\Users\cm\.m2\repository\org\seleniumhq\selenium\selenium-edge-driver\3.9.0\selenium-edge-driver-3.9.0.jar;C:\Users\cm\.m2\repository\org\seleniumhq\selenium\selenium-firefox-driver\3.9.0\selenium-firefox-driver-3.9.0.jar;C:\Users\cm\.m2\repository\org\seleniumhq\selenium\selenium-ie-driver\3.9.0\selenium-ie-driver-3.9.0.jar;C:\Users\cm\.m2\repository\org\seleniumhq\selenium\selenium-opera-driver\3.9.0\selenium-opera-driver-3.9.0.jar;C:\Users\cm\.m2\repository\org\seleniumhq\selenium\selenium-remote-driver\3.9.0\selenium-remote-driver-3.9.0.jar;C:\Users\cm\.m2\repository\org\seleniumhq\selenium\selenium-safari-driver\3.9.0\selenium-safari-driver-3.9.0.jar;C:\Users\cm\.m2\repository\org\seleniumhq\selenium\selenium-support\3.9.0\selenium-support-3.9.0.jar;C:\Users\cm\.m2\repository\net\bytebuddy\byte-buddy\1.7.9\byte-buddy-1.7.9.jar;C:\Users\cm\.m2\repository\org\apache\commons\commons-exec\1.3\commons-exec-1.3.jar;C:\Users\cm\.m2\repository\commons-codec\commons-codec\1.10\commons-codec-1.10.jar;C:\Users\cm\.m2\repository\commons-logging\commons-logging\1.2\commons-logging-1.2.jar;C:\Users\cm\.m2\repository\com\google\code\gson\gson\2.8.2\gson-2.8.2.jar;C:\Users\cm\.m2\repository\com\google\guava\guava\23.6-jre\guava-23.6-jre.jar;C:\Users\cm\.m2\repository\com\google\code\findbugs\jsr305\1.3.9\jsr305-1.3.9.jar;C:\Users\cm\.m2\repository\org\checkerframework\checker-compat-qual\2.0.0\checker-compat-qual-2.0.0.jar;C:\Users\cm\.m2\repository\com\google\errorprone\error_prone_annotations\2.1.3\error_prone_annotations-2.1.3.jar;C:\Users\cm\.m2\repository\com\google\j2objc\j2objc-annotations\1.1\j2objc-annotations-1.1.jar;C:\Users\cm\.m2\repository\org\codehaus\mojo\animal-sniffer-annotations\1.14\animal-sniffer-annotations-1.14.jar;C:\Users\cm\.m2\repository\org\apache\httpcomponents\httpclient\4.5.3\httpclient-4.5.3.jar;C:\Users\cm\.m2\repository\org\apache\httpcomponents\httpcore\4.4.6\httpcore-4.4.6.jar;C:\Users\cm\.m2\repository\com\squareup\okhttp3\okhttp\3.9.1\okhttp-3.9.1.jar;C:\Users\cm\.m2\repository\com\squareup\okio\okio\1.13.0\okio-1.13.0.jar;C:\Users\cm\.m2\repository\org\testng\testng\6.9.6\testng-6.9.6.jar;C:\Users\cm\.m2\repository\com\google\inject\guice\4.0\guice-4.0-no_aop.jar;C:\Users\cm\.m2\repository\javax\inject\javax.inject\1\javax.inject-1.jar;C:\Users\cm\.m2\repository\aopalliance\aopalliance\1.0\aopalliance-1.0.jar;C:\Users\cm\.m2\repository\org\beanshell\bsh\2.0b4\bsh-2.0b4.jar;C:\Users\cm\.m2\repository\org\apache\ant\ant\1.7.0\ant-1.7.0.jar;C:\Users\cm\.m2\repository\org\apache\ant\ant-launcher\1.7.0\ant-launcher-1.7.0.jar;C:\Users\cm\.m2\repository\com\beust\jcommander\1.48\jcommander-1.48.jar;C:\Users\cm\.m2\repository\org\yaml\snakeyaml\1.15\snakeyaml-1.15.jar;C:\Users\cm\.m2\repository\junit\junit\4.10\junit-4.10.jar;C:\Users\cm\.m2\repository\org\hamcrest\hamcrest-core\1.1\hamcrest-core-1.1.jar;C:\Users\cm\.m2\repository\xml-apis\xml-apis\1.4.01\xml-apis-1.4.01.jar;C:\Users\cm\.m2\repository\info\cukes\cucumber-java\1.2.4\cucumber-java-1.2.4.jar;C:\Users\cm\.m2\repository\info\cukes\cucumber-core\1.2.4\cucumber-core-1.2.4.jar;C:\Users\cm\.m2\repository\info\cukes\cucumber-html\0.2.3\cucumber-html-0.2.3.jar;C:\Users\cm\.m2\repository\info\cukes\cucumber-jvm-deps\1.0.5\cucumber-jvm-deps-1.0.5.jar;C:\Users\cm\.m2\repository\info\cukes\gherkin\2.12.2\gherkin-2.12.2.jar;C:\Users\cm\.m2\repository\info\cukes\cucumber-testng\1.2.5\cucumber-testng-1.2.5.jar;C:\Users\cm\.m2\repository\log4j\log4j\1.2.17\log4j-1.2.17.jar;C:\Users\cm\.m2\repository\org\apache\poi\poi\3.14\poi-3.14.jar;C:\Users\cm\.m2\repository\com\holmos\holmos-webtest\1.0.2u9\holmos-webtest-1.0.2u9.jar;C:\Users\cm\.m2\repository\org\apache\poi\poi-ooxml\3.8\poi-ooxml-3.8.jar;C:\Users\cm\.m2\repository\org\apache\poi\poi-ooxml-schemas\3.8\poi-ooxml-schemas-3.8.jar;C:\Users\cm\.m2\repository\org\apache\xmlbeans\xmlbeans\2.3.0\xmlbeans-2.3.0.jar;C:\Users\cm\.m2\repository\stax\stax-api\1.0.1\stax-api-1.0.1.jar;C:\Users\cm\.m2\repository\net\sf\opencsv\opencsv\2.3\opencsv-2.3.jar;C:\Users\cm\.m2\repository\dom4j\dom4j\1.6.1\dom4j-1.6.1.jar;C:\Users\cm\.m2\repository\mysql\mysql-connector-java\5.1.21\mysql-connector-java-5.1.21.jar;C:\Users\cm\.m2\repository\com\holmos\holmos-reflectAssert\1.0.2u9\holmos-reflectAssert-1.0.2u9.jar;C:\Users\cm\.m2\repository\commons-lang\commons-lang\2.6\commons-lang-2.6.jar;C:\Users\cm\.m2\repository\commons-io\commons-io\2.6\commons-io-2.6.jar;"/>
    <property name="java.vm.vendor" value="Oracle Corporation"/>
    <property name="sun.arch.data.model" value="64"/>
    <property name="user.variant" value=""/>
    <property name="java.vendor.url" value="http://java.oracle.com/"/>
    <property name="user.timezone" value="Asia/Shanghai"/>
    <property name="java.vm.specification.version" value="1.8"/>
    <property name="os.name" value="Windows 10"/>
    <property name="user.country" value="CN"/>
    <property name="sun.java.launcher" value="SUN_STANDARD"/>
    <property name="sun.boot.library.path" value="C:\java\jdk\jre\bin"/>
    <property name="sun.java.command" value="C:\Users\cm\AppData\Local\Temp\surefire1246450157994100075\surefirebooter3935254173689763335.jar C:\Users\cm\AppData\Local\Temp\surefire1246450157994100075 2021-06-13T17-31-45_283-jvmRun1 surefire8882146436701718169tmp surefire_07777810468721115376tmp"/>
    <property name="surefire.test.class.path" value="C:\Users\cm\IdeaProjects\Maven_Test01\target\test-classes;C:\Users\cm\IdeaProjects\Maven_Test01\target\classes;C:\Users\cm\.m2\repository\org\seleniumhq\selenium\selenium-java\3.9.0\selenium-java-3.9.0.jar;C:\Users\cm\.m2\repository\org\seleniumhq\selenium\selenium-api\3.9.0\selenium-api-3.9.0.jar;C:\Users\cm\.m2\repository\org\seleniumhq\selenium\selenium-chrome-driver\3.9.0\selenium-chrome-driver-3.9.0.jar;C:\Users\cm\.m2\repository\org\seleniumhq\selenium\selenium-edge-driver\3.9.0\selenium-edge-driver-3.9.0.jar;C:\Users\cm\.m2\repository\org\seleniumhq\selenium\selenium-firefox-driver\3.9.0\selenium-firefox-driver-3.9.0.jar;C:\Users\cm\.m2\repository\org\seleniumhq\selenium\selenium-ie-driver\3.9.0\selenium-ie-driver-3.9.0.jar;C:\Users\cm\.m2\repository\org\seleniumhq\selenium\selenium-opera-driver\3.9.0\selenium-opera-driver-3.9.0.jar;C:\Users\cm\.m2\repository\org\seleniumhq\selenium\selenium-remote-driver\3.9.0\selenium-remote-driver-3.9.0.jar;C:\Users\cm\.m2\repository\org\seleniumhq\selenium\selenium-safari-driver\3.9.0\selenium-safari-driver-3.9.0.jar;C:\Users\cm\.m2\repository\org\seleniumhq\selenium\selenium-support\3.9.0\selenium-support-3.9.0.jar;C:\Users\cm\.m2\repository\net\bytebuddy\byte-buddy\1.7.9\byte-buddy-1.7.9.jar;C:\Users\cm\.m2\repository\org\apache\commons\commons-exec\1.3\commons-exec-1.3.jar;C:\Users\cm\.m2\repository\commons-codec\commons-codec\1.10\commons-codec-1.10.jar;C:\Users\cm\.m2\repository\commons-logging\commons-logging\1.2\commons-logging-1.2.jar;C:\Users\cm\.m2\repository\com\google\code\gson\gson\2.8.2\gson-2.8.2.jar;C:\Users\cm\.m2\repository\com\google\guava\guava\23.6-jre\guava-23.6-jre.jar;C:\Users\cm\.m2\repository\com\google\code\findbugs\jsr305\1.3.9\jsr305-1.3.9.jar;C:\Users\cm\.m2\repository\org\checkerframework\checker-compat-qual\2.0.0\checker-compat-qual-2.0.0.jar;C:\Users\cm\.m2\repository\com\google\errorprone\error_prone_annotations\2.1.3\error_prone_annotations-2.1.3.jar;C:\Users\cm\.m2\repository\com\google\j2objc\j2objc-annotations\1.1\j2objc-annotations-1.1.jar;C:\Users\cm\.m2\repository\org\codehaus\mojo\animal-sniffer-annotations\1.14\animal-sniffer-annotations-1.14.jar;C:\Users\cm\.m2\repository\org\apache\httpcomponents\httpclient\4.5.3\httpclient-4.5.3.jar;C:\Users\cm\.m2\repository\org\apache\httpcomponents\httpcore\4.4.6\httpcore-4.4.6.jar;C:\Users\cm\.m2\repository\com\squareup\okhttp3\okhttp\3.9.1\okhttp-3.9.1.jar;C:\Users\cm\.m2\repository\com\squareup\okio\okio\1.13.0\okio-1.13.0.jar;C:\Users\cm\.m2\repository\org\testng\testng\6.9.6\testng-6.9.6.jar;C:\Users\cm\.m2\repository\com\google\inject\guice\4.0\guice-4.0-no_aop.jar;C:\Users\cm\.m2\repository\javax\inject\javax.inject\1\javax.inject-1.jar;C:\Users\cm\.m2\repository\aopalliance\aopalliance\1.0\aopalliance-1.0.jar;C:\Users\cm\.m2\repository\org\beanshell\bsh\2.0b4\bsh-2.0b4.jar;C:\Users\cm\.m2\repository\org\apache\ant\ant\1.7.0\ant-1.7.0.jar;C:\Users\cm\.m2\repository\org\apache\ant\ant-launcher\1.7.0\ant-launcher-1.7.0.jar;C:\Users\cm\.m2\repository\com\beust\jcommander\1.48\jcommander-1.48.jar;C:\Users\cm\.m2\repository\org\yaml\snakeyaml\1.15\snakeyaml-1.15.jar;C:\Users\cm\.m2\repository\junit\junit\4.10\junit-4.10.jar;C:\Users\cm\.m2\repository\org\hamcrest\hamcrest-core\1.1\hamcrest-core-1.1.jar;C:\Users\cm\.m2\repository\xml-apis\xml-apis\1.4.01\xml-apis-1.4.01.jar;C:\Users\cm\.m2\repository\info\cukes\cucumber-java\1.2.4\cucumber-java-1.2.4.jar;C:\Users\cm\.m2\repository\info\cukes\cucumber-core\1.2.4\cucumber-core-1.2.4.jar;C:\Users\cm\.m2\repository\info\cukes\cucumber-html\0.2.3\cucumber-html-0.2.3.jar;C:\Users\cm\.m2\repository\info\cukes\cucumber-jvm-deps\1.0.5\cucumber-jvm-deps-1.0.5.jar;C:\Users\cm\.m2\repository\info\cukes\gherkin\2.12.2\gherkin-2.12.2.jar;C:\Users\cm\.m2\repository\info\cukes\cucumber-testng\1.2.5\cucumber-testng-1.2.5.jar;C:\Users\cm\.m2\repository\log4j\log4j\1.2.17\log4j-1.2.17.jar;C:\Users\cm\.m2\repository\org\apache\poi\poi\3.14\poi-3.14.jar;C:\Users\cm\.m2\repository\com\holmos\holmos-webtest\1.0.2u9\holmos-webtest-1.0.2u9.jar;C:\Users\cm\.m2\repository\org\apache\poi\poi-ooxml\3.8\poi-ooxml-3.8.jar;C:\Users\cm\.m2\repository\org\apache\poi\poi-ooxml-schemas\3.8\poi-ooxml-schemas-3.8.jar;C:\Users\cm\.m2\repository\org\apache\xmlbeans\xmlbeans\2.3.0\xmlbeans-2.3.0.jar;C:\Users\cm\.m2\repository\stax\stax-api\1.0.1\stax-api-1.0.1.jar;C:\Users\cm\.m2\repository\net\sf\opencsv\opencsv\2.3\opencsv-2.3.jar;C:\Users\cm\.m2\repository\dom4j\dom4j\1.6.1\dom4j-1.6.1.jar;C:\Users\cm\.m2\repository\mysql\mysql-connector-java\5.1.21\mysql-connector-java-5.1.21.jar;C:\Users\cm\.m2\repository\com\holmos\holmos-reflectAssert\1.0.2u9\holmos-reflectAssert-1.0.2u9.jar;C:\Users\cm\.m2\repository\commons-lang\commons-lang\2.6\commons-lang-2.6.jar;C:\Users\cm\.m2\repository\commons-io\commons-io\2.6\commons-io-2.6.jar;"/>
    <property name="sun.cpu.endian" value="little"/>
    <property name="user.home" value="C:\Users\cm"/>
    <property name="user.language" value="zh"/>
    <property name="java.specification.vendor" value="Oracle Corporation"/>
    <property name="java.home" value="C:\java\jdk\jre"/>
    <property name="basedir" value="C:\Users\cm\IdeaProjects\Maven_Test01"/>
    <property name="file.separator" value="\"/>
    <property name="line.separator" value="&#10;"/>
    <property name="java.vm.specification.vendor" value="Oracle Corporation"/>
    <property name="java.specification.name" value="Java Platform API Specification"/>
    <property name="java.awt.graphicsenv" value="sun.awt.Win32GraphicsEnvironment"/>
    <property name="surefire.real.class.path" value="C:\Users\cm\AppData\Local\Temp\surefire1246450157994100075\surefirebooter3935254173689763335.jar"/>
    <property name="sun.boot.class.path" value="C:\java\jdk\jre\lib\resources.jar;C:\java\jdk\jre\lib\rt.jar;C:\java\jdk\jre\lib\sunrsasign.jar;C:\java\jdk\jre\lib\jsse.jar;C:\java\jdk\jre\lib\jce.jar;C:\java\jdk\jre\lib\charsets.jar;C:\java\jdk\jre\lib\jfr.jar;C:\java\jdk\jre\classes"/>
    <property name="user.script" value=""/>
    <property name="sun.management.compiler" value="HotSpot 64-Bit Tiered Compilers"/>
    <property name="java.runtime.version" value="1.8.0_171-b11"/>
    <property name="user.name" value="cm"/>
    <property name="path.separator" value=";"/>
    <property name="os.version" value="10.0"/>
    <property name="java.endorsed.dirs" value="C:\java\jdk\jre\lib\endorsed"/>
    <property name="java.runtime.name" value="Java(TM) SE Runtime Environment"/>
    <property name="file.encoding" value="GBK"/>
    <property name="java.vm.name" value="Java HotSpot(TM) 64-Bit Server VM"/>
    <property name="localRepository" value="C:\Users\cm\.m2\repository"/>
    <property name="java.vendor.url.bug" value="http://bugreport.sun.com/bugreport/"/>
    <property name="java.io.tmpdir" value="C:\Users\cm\AppData\Local\Temp\"/>
    <property name="java.version" value="1.8.0_171"/>
    <property name="user.dir" value="C:\Users\cm\IdeaProjects\Maven_Test01"/>
    <property name="os.arch" value="amd64"/>
    <property name="java.vm.specification.name" value="Java Virtual Machine Specification"/>
    <property name="java.awt.printerjob" value="sun.awt.windows.WPrinterJob"/>
    <property name="sun.os.patch.level" value=""/>
    <property name="webdriver.firefox.bin" value="C:\Program Files\Mozilla Firefox\firefox.exe"/>
    <property name="java.library.path" value="C:\java\jdk\jre\bin;C:\Windows\Sun\Java\bin;C:\Windows\system32;C:\Windows;C:\apache-maven-3.8.1/bin;C:\Program Files (x86)\Common Files\Oracle\Java\javapath;C:\Windows\system32;C:\Windows;C:\Windows\System32\Wbem;C:\Windows\System32\WindowsPowerShell\v1.0\;C:\Windows\System32\OpenSSH\;C:\Program Files (x86)\VanDyke Software\Clients\;C:\java\jdk\bin;C:\java\jdk\jre\bin;C:\Python27;C:\Python27\Scripts;C:\Program Files (x86)\MySQL\MySQL Server 5.5\bin;C:\Program Files\Git\cmd;C:\Program Files\Git\cmd;C:\Users\cm\AppData\Local\Microsoft\WindowsApps;C:\Program Files (x86)\VanDyke Software\Clients\;C:\Program Files\JetBrains\IntelliJ IDEA Community Edition 2021.1.1\bin;;C:\Users\cm\AppData\Local\Programs\Fiddler;."/>
    <property name="java.vm.info" value="mixed mode"/>
    <property name="java.vendor" value="Oracle Corporation"/>
    <property name="java.vm.version" value="25.171-b11"/>
    <property name="java.ext.dirs" value="C:\java\jdk\jre\lib\ext;C:\Windows\Sun\Java\lib\ext"/>
    <property name="sun.io.unicode.encoding" value="UnicodeLittle"/>
    <property name="java.class.version" value="52.0"/>
  </properties>
  <testcase name="actionTest[chrome](1)" classname="com.cn.com.cn.ActionTest01" time="16.443">
    <system-err><![CDATA[Starting ChromeDriver 90.0.4430.24 (4c6d850f087da467d926e8eddb76550aed655991-refs/branch-heads/4430@{#429}) on port 3919
Only local connections are allowed.
Please see https://chromedriver.chromium.org/security-considerations for suggestions on keeping ChromeDriver safe.
ChromeDriver was started successfully.
[1623576727.716][WARNING]: This version of ChromeDriver has not been tested with Chrome version 91.
六月 13, 2021 5:32:09 下午 org.openqa.selenium.remote.ProtocolHandshake createSession
信息: Detected dialect: W3C
六月 13, 2021 5:32:09 下午 auto.test.logger.LoggerControler info
信息: 你打开了chrome浏览器
六月 13, 2021 5:32:12 下午 auto.test.logger.LoggerControler info
信息: 在By.id: kw输入selenium test
六月 13, 2021 5:32:13 下午 auto.test.logger.LoggerControler info
信息: 点击：By.id: su
]]></system-err>
  </testcase>
  <testcase name="actionTest[firefox](2)" classname="com.cn.com.cn.ActionTest01" time="11.21">
    <failure message="java.net.SocketTimeoutException: timeout&#10;Build info: version: &apos;3.9.0&apos;, revision: &apos;698b3178f0&apos;, time: &apos;2018-02-05T14:26:55.441Z&apos;&#10;System info: host: &apos;LAPTOP-7OTNN2LR&apos;, ip: &apos;192.168.0.107&apos;, os.name: &apos;Windows 10&apos;, os.arch: &apos;amd64&apos;, os.version: &apos;10.0&apos;, java.version: &apos;1.8.0_171&apos;&#10;Driver info: driver.version: FirefoxDriver" type="org.openqa.selenium.WebDriverException"><![CDATA[org.openqa.selenium.WebDriverException: 
java.net.SocketTimeoutException: timeout
Build info: version: '3.9.0', revision: '698b3178f0', time: '2018-02-05T14:26:55.441Z'
System info: host: 'LAPTOP-7OTNN2LR', ip: '192.168.0.107', os.name: 'Windows 10', os.arch: 'amd64', os.version: '10.0', java.version: '1.8.0_171'
Driver info: driver.version: FirefoxDriver
	at com.cn.com.cn.ActionTest01.actionTest(ActionTest01.java:24)
Caused by: java.net.SocketTimeoutException: timeout
	at com.cn.com.cn.ActionTest01.actionTest(ActionTest01.java:24)
Caused by: java.net.SocketTimeoutException: Read timed out
	at com.cn.com.cn.ActionTest01.actionTest(ActionTest01.java:24)
]]></failure>
    <system-err><![CDATA[1623576738245	geckodriver	INFO	Listening on 127.0.0.1:5625
1623576738512	mozrunner::runner	INFO	Running command: "C:/Program Files/Mozilla Firefox/firefox.exe" "--marionette" "-foreground" "-no-remote" "-profile" "C:\\Users\\cm\\AppData\\Local\\Temp\\rust_mozprofileoBWBTz"
1623576741785	Marionette	INFO	Marionette enabled
console.warn: SearchSettings: "get: No settings file exists, new profile?" (new NotFoundError("Could not open the file at C:\\Users\\cm\\AppData\\Local\\Temp\\rust_mozprofileoBWBTz\\search.json.mozlz4", (void 0)))
]]></system-err>
  </testcase>
</testsuite>